2024.06.22 23:26:06 INFO  Started: Metals version 1.3.1 in folders '/home/panavtec/dotfiles/nixos/shells' for client Neovim 0.9.5.[0m
SLF4J(W): Class path contains multiple SLF4J providers.
SLF4J(W): Found provider [scribe.slf4j.ScribeServiceProvider@209d0f88]
SLF4J(W): Found provider [ch.qos.logback.classic.spi.LogbackServiceProvider@75c58a71]
SLF4J(W): See https://www.slf4j.org/codes.html#multiple_bindings for an explanation.
SLF4J(I): Actual provider is of type [scribe.slf4j.ScribeServiceProvider@209d0f88]
2024.06.22 23:26:06 WARN  Flyway upgrade recommended: H2 2.2.224 is newer than this version of Flyway and support has not been tested. The latest supported version of H2 is 2.2.220.[0m
2024.06.22 23:26:06 INFO  no build target found for /home/panavtec/dotfiles/nixos/shells/build.sbt. Using presentation compiler with project's scala-library version: 3.3.3[0m
2024.06.22 23:26:06 INFO  no build target found for /home/panavtec/dotfiles/nixos/shells/build.sbt. Using presentation compiler with project's scala-library version: 3.3.3[0m
2024.06.22 23:26:07 INFO  no build target found for /home/panavtec/dotfiles/nixos/shells/build.sbt. Using presentation compiler with project's scala-library version: 3.3.3[0m
2024.06.22 23:26:07 INFO  no build target found for /home/panavtec/dotfiles/nixos/shells/build.sbt. Using presentation compiler with project's scala-library version: 3.3.3[0m
2024.06.22 23:26:07 INFO  no build target found for /home/panavtec/dotfiles/nixos/shells/build.sbt. Using presentation compiler with project's scala-library version: 3.3.3[0m
2024.06.22 23:26:07 INFO  no build target found for /home/panavtec/dotfiles/nixos/shells/build.sbt. Using presentation compiler with project's scala-library version: 3.3.3[0m
2024.06.22 23:26:07 INFO  no build target found for /home/panavtec/dotfiles/nixos/shells/build.sbt. Using presentation compiler with project's scala-library version: 3.3.3[0m
2024.06.22 23:26:07 INFO  no build target found for /home/panavtec/dotfiles/nixos/shells/build.sbt. Using presentation compiler with project's scala-library version: 3.3.3[0m
2024.06.22 23:26:07 WARN  Could not find semantic tokens for: file:///home/panavtec/dotfiles/nixos/shells/build.sbt[0m
2024.06.22 23:26:07 INFO  no build target found for /home/panavtec/dotfiles/nixos/shells/build.sbt. Using presentation compiler with project's scala-library version: 3.3.3[0m
2024.06.22 23:26:08 INFO  no build target found for /home/panavtec/dotfiles/nixos/shells/build.sbt. Using presentation compiler with project's scala-library version: 3.3.3[0m
2024.06.22 23:26:08 INFO  no build target found for /home/panavtec/dotfiles/nixos/shells/build.sbt. Using presentation compiler with project's scala-library version: 3.3.3[0m
2024.06.22 23:26:08 INFO  no build target found for /home/panavtec/dotfiles/nixos/shells/build.sbt. Using presentation compiler with project's scala-library version: 3.3.3[0m
2024.06.22 23:26:08 INFO  no build target found for /home/panavtec/dotfiles/nixos/shells/build.sbt. Using presentation compiler with project's scala-library version: 3.3.3[0m
2024.06.22 23:26:08 INFO  no build target found for /home/panavtec/dotfiles/nixos/shells/build.sbt. Using presentation compiler with project's scala-library version: 3.3.3[0m
2024.06.22 23:26:08 INFO  no build target found for /home/panavtec/dotfiles/nixos/shells/build.sbt. Using presentation compiler with project's scala-library version: 3.3.3[0m
2024.06.22 23:26:09 INFO  no build target found for /home/panavtec/dotfiles/nixos/shells/build.sbt. Using presentation compiler with project's scala-library version: 3.3.3[0m
2024.06.22 23:26:09 INFO  no build target found for /home/panavtec/dotfiles/nixos/shells/build.sbt. Using presentation compiler with project's scala-library version: 3.3.3[0m
2024.06.22 23:26:09 INFO  no build target found for /home/panavtec/dotfiles/nixos/shells/build.sbt. Using presentation compiler with project's scala-library version: 3.3.3[0m
2024.06.22 23:26:09 INFO  no build target found for /home/panavtec/dotfiles/nixos/shells/build.sbt. Using presentation compiler with project's scala-library version: 3.3.3[0m
2024.06.22 23:26:10 INFO  no build target found for /home/panavtec/dotfiles/nixos/shells/build.sbt. Using presentation compiler with project's scala-library version: 3.3.3[0m
2024.06.22 23:26:10 INFO  no build target found for /home/panavtec/dotfiles/nixos/shells/build.sbt. Using presentation compiler with project's scala-library version: 3.3.3[0m
2024.06.22 23:26:10 INFO  no build target found for /home/panavtec/dotfiles/nixos/shells/build.sbt. Using presentation compiler with project's scala-library version: 3.3.3[0m
2024.06.22 23:26:10 INFO  no build target found for /home/panavtec/dotfiles/nixos/shells/build.sbt. Using presentation compiler with project's scala-library version: 3.3.3[0m
2024.06.22 23:26:10 INFO  no build target found for /home/panavtec/dotfiles/nixos/shells/build.sbt. Using presentation compiler with project's scala-library version: 3.3.3[0m
2024.06.22 23:26:10 INFO  no build target found for /home/panavtec/dotfiles/nixos/shells/build.sbt. Using presentation compiler with project's scala-library version: 3.3.3[0m
2024.06.22 23:26:17 INFO  no build target found for /home/panavtec/dotfiles/nixos/shells/build.sbt. Using presentation compiler with project's scala-library version: 3.3.3[0m
2024.06.22 23:26:18 INFO  no build target found for /home/panavtec/dotfiles/nixos/shells/build.sbt. Using presentation compiler with project's scala-library version: 3.3.3[0m
2024.06.22 23:26:29 INFO  no build target found for /home/panavtec/dotfiles/nixos/shells/build.sbt. Using presentation compiler with project's scala-library version: 3.3.3[0m
Jun 22, 2024 11:26:29 PM org.eclipse.lsp4j.jsonrpc.RemoteEndpoint handleCancellation
WARNING: Unmatched cancel notification for request id 31
2024.06.22 23:26:29 INFO  no build target found for /home/panavtec/dotfiles/nixos/shells/build.sbt. Using presentation compiler with project's scala-library version: 3.3.3[0m
2024.06.22 23:26:29 INFO  no build target found for /home/panavtec/dotfiles/nixos/shells/build.sbt. Using presentation compiler with project's scala-library version: 3.3.3[0m
2024.06.22 23:26:29 INFO  no build target found for /home/panavtec/dotfiles/nixos/shells/build.sbt. Using presentation compiler with project's scala-library version: 3.3.3[0m
2024.06.22 23:26:29 INFO  no build target found for /home/panavtec/dotfiles/nixos/shells/build.sbt. Using presentation compiler with project's scala-library version: 3.3.3[0m
2024.06.22 23:26:29 INFO  no build target found for /home/panavtec/dotfiles/nixos/shells/build.sbt. Using presentation compiler with project's scala-library version: 3.3.3[0m
2024.06.22 23:26:36 INFO  no build target found for /home/panavtec/dotfiles/nixos/shells/build.sbt. Using presentation compiler with project's scala-library version: 3.3.3[0m
